<?xml version="1.0" encoding="UTF-8"?>
<!-- Generated by org.testng.reporters.JUnitXMLReporter -->
<testsuite ignored="1" hostname="BALAJI-BASS" failures="0" tests="1" name="Default test" time="14.927" errors="0" timestamp="2024-03-13T17:02:52 IST">
  <testcase classname="com.test.TestRunnerPerisera" name="SearchItems" time="11.97"/>
  <testcase classname="com.test.TestRunnerPerisera" name="LoginAndHomePage" time="0.0">
    <ignored/>
  </testcase> <!-- LoginAndHomePage -->
</testsuite> <!-- Default test -->
