<?xml version="1.0" encoding="UTF-8"?>
<testng-results ignored="0" total="12" passed="12" failed="0" skipped="0">
  <reporter-output>
  </reporter-output>
  <suite started-at="2024-03-13T20:26:24 IST" name="Suite" finished-at="2024-03-13T20:27:21 IST" duration-ms="57414">
    <groups>
    </groups>
    <test started-at="2024-03-13T20:26:24 IST" name="Test" finished-at="2024-03-13T20:27:21 IST" duration-ms="57414">
      <class name="com.test.TestRunnerPerisera">
        <test-method is-config="true" signature="browserInit()[pri:0, instance:com.test.TestRunnerPerisera@8f4ea7c]" started-at="2024-03-13T20:26:24 IST" name="browserInit" finished-at="2024-03-13T20:26:28 IST" duration-ms="3731" status="PASS">
          <reporter-output>
          </reporter-output>
        </test-method> <!-- browserInit -->
        <test-method is-config="true" signature="browserInit()[pri:0, instance:com.test.TestRunnerPerisera@8f4ea7c]" started-at="2024-03-13T20:26:24 IST" name="browserInit" finished-at="2024-03-13T20:26:28 IST" duration-ms="3742" status="PASS">
          <reporter-output>
          </reporter-output>
        </test-method> <!-- browserInit -->
        <test-method is-config="true" signature="browserInit()[pri:0, instance:com.test.TestRunnerPerisera@8f4ea7c]" started-at="2024-03-13T20:26:24 IST" name="browserInit" finished-at="2024-03-13T20:26:28 IST" duration-ms="3742" status="PASS">
          <reporter-output>
          </reporter-output>
        </test-method> <!-- browserInit -->
        <test-method signature="SearchItems4(java.lang.String,java.lang.String,java.lang.String)[pri:0, instance:com.test.TestRunnerPerisera@8f4ea7c]" started-at="2024-03-13T20:26:28 IST" name="SearchItems4" data-provider="data-provider4" finished-at="2024-03-13T20:26:40 IST" duration-ms="12389" status="PASS">
          <params>
            <param index="0">
              <value>
                <![CDATA[balajithangaraj391@gmail.com]]>
              </value>
            </param>
            <param index="1">
              <value>
                <![CDATA[qwertyuiop]]>
              </value>
            </param>
            <param index="2">
              <value>
                <![CDATA[Pen]]>
              </value>
            </param>
          </params>
          <reporter-output>
          </reporter-output>
        </test-method> <!-- SearchItems4 -->
        <test-method signature="SearchItems4(java.lang.String,java.lang.String,java.lang.String)[pri:0, instance:com.test.TestRunnerPerisera@8f4ea7c]" started-at="2024-03-13T20:26:28 IST" name="SearchItems4" data-provider="data-provider4" finished-at="2024-03-13T20:26:39 IST" duration-ms="11148" status="PASS">
          <params>
            <param index="0">
              <value>
                <![CDATA[balajithangaraj391@gmail.com]]>
              </value>
            </param>
            <param index="1">
              <value>
                <![CDATA[qwertyuiop]]>
              </value>
            </param>
            <param index="2">
              <value>
                <![CDATA[Rubber]]>
              </value>
            </param>
          </params>
          <reporter-output>
          </reporter-output>
        </test-method> <!-- SearchItems4 -->
        <test-method signature="SearchItems4(java.lang.String,java.lang.String,java.lang.String)[pri:0, instance:com.test.TestRunnerPerisera@8f4ea7c]" started-at="2024-03-13T20:26:28 IST" name="SearchItems4" data-provider="data-provider4" finished-at="2024-03-13T20:26:40 IST" duration-ms="11925" status="PASS">
          <params>
            <param index="0">
              <value>
                <![CDATA[balajithangaraj391@gmail.com]]>
              </value>
            </param>
            <param index="1">
              <value>
                <![CDATA[qwertyuiop]]>
              </value>
            </param>
            <param index="2">
              <value>
                <![CDATA[Scale]]>
              </value>
            </param>
          </params>
          <reporter-output>
          </reporter-output>
        </test-method> <!-- SearchItems4 -->
        <test-method is-config="true" signature="TearDown()[pri:0, instance:com.test.TestRunnerPerisera@8f4ea7c]" started-at="2024-03-13T20:26:39 IST" name="TearDown" finished-at="2024-03-13T20:26:39 IST" duration-ms="524" status="PASS">
          <reporter-output>
          </reporter-output>
        </test-method> <!-- TearDown -->
        <test-method is-config="true" signature="TearDown()[pri:0, instance:com.test.TestRunnerPerisera@8f4ea7c]" started-at="2024-03-13T20:26:40 IST" name="TearDown" finished-at="2024-03-13T20:26:40 IST" duration-ms="296" status="PASS">
          <reporter-output>
          </reporter-output>
        </test-method> <!-- TearDown -->
        <test-method is-config="true" signature="TearDown()[pri:0, instance:com.test.TestRunnerPerisera@8f4ea7c]" started-at="2024-03-13T20:26:40 IST" name="TearDown" finished-at="2024-03-13T20:26:40 IST" duration-ms="255" status="PASS">
          <reporter-output>
          </reporter-output>
        </test-method> <!-- TearDown -->
        <test-method is-config="true" signature="browserInit()[pri:0, instance:com.test.TestRunnerPerisera@8f4ea7c]" started-at="2024-03-13T20:26:40 IST" name="browserInit" finished-at="2024-03-13T20:26:42 IST" duration-ms="1745" status="PASS">
          <reporter-output>
          </reporter-output>
        </test-method> <!-- browserInit -->
        <test-method is-config="true" signature="browserInit()[pri:0, instance:com.test.TestRunnerPerisera@8f4ea7c]" started-at="2024-03-13T20:26:40 IST" name="browserInit" finished-at="2024-03-13T20:26:42 IST" duration-ms="1745" status="PASS">
          <reporter-output>
          </reporter-output>
        </test-method> <!-- browserInit -->
        <test-method is-config="true" signature="browserInit()[pri:0, instance:com.test.TestRunnerPerisera@8f4ea7c]" started-at="2024-03-13T20:26:40 IST" name="browserInit" finished-at="2024-03-13T20:26:42 IST" duration-ms="1804" status="PASS">
          <reporter-output>
          </reporter-output>
        </test-method> <!-- browserInit -->
        <test-method signature="SearchItems4(java.lang.String,java.lang.String,java.lang.String)[pri:0, instance:com.test.TestRunnerPerisera@8f4ea7c]" started-at="2024-03-13T20:26:42 IST" name="SearchItems4" data-provider="data-provider4" finished-at="2024-03-13T20:26:53 IST" duration-ms="10500" status="PASS">
          <params>
            <param index="0">
              <value>
                <![CDATA[balajithangaraj391@gmail.com]]>
              </value>
            </param>
            <param index="1">
              <value>
                <![CDATA[qwertyuiop]]>
              </value>
            </param>
            <param index="2">
              <value>
                <![CDATA[Scale]]>
              </value>
            </param>
          </params>
          <reporter-output>
          </reporter-output>
        </test-method> <!-- SearchItems4 -->
        <test-method signature="SearchItems4(java.lang.String,java.lang.String,java.lang.String)[pri:0, instance:com.test.TestRunnerPerisera@8f4ea7c]" started-at="2024-03-13T20:26:42 IST" name="SearchItems4" data-provider="data-provider4" finished-at="2024-03-13T20:26:54 IST" duration-ms="11439" status="PASS">
          <params>
            <param index="0">
              <value>
                <![CDATA[balajithangaraj391@gmail.com]]>
              </value>
            </param>
            <param index="1">
              <value>
                <![CDATA[qwertyuiop]]>
              </value>
            </param>
            <param index="2">
              <value>
                <![CDATA[Pen]]>
              </value>
            </param>
          </params>
          <reporter-output>
          </reporter-output>
        </test-method> <!-- SearchItems4 -->
        <test-method signature="SearchItems4(java.lang.String,java.lang.String,java.lang.String)[pri:0, instance:com.test.TestRunnerPerisera@8f4ea7c]" started-at="2024-03-13T20:26:42 IST" name="SearchItems4" data-provider="data-provider4" finished-at="2024-03-13T20:26:53 IST" duration-ms="10330" status="PASS">
          <params>
            <param index="0">
              <value>
                <![CDATA[balajithangaraj391@gmail.com]]>
              </value>
            </param>
            <param index="1">
              <value>
                <![CDATA[qwertyuiop]]>
              </value>
            </param>
            <param index="2">
              <value>
                <![CDATA[Rubber]]>
              </value>
            </param>
          </params>
          <reporter-output>
          </reporter-output>
        </test-method> <!-- SearchItems4 -->
        <test-method is-config="true" signature="TearDown()[pri:0, instance:com.test.TestRunnerPerisera@8f4ea7c]" started-at="2024-03-13T20:26:53 IST" name="TearDown" finished-at="2024-03-13T20:26:53 IST" duration-ms="339" status="PASS">
          <reporter-output>
          </reporter-output>
        </test-method> <!-- TearDown -->
        <test-method is-config="true" signature="TearDown()[pri:0, instance:com.test.TestRunnerPerisera@8f4ea7c]" started-at="2024-03-13T20:26:53 IST" name="TearDown" finished-at="2024-03-13T20:26:53 IST" duration-ms="352" status="PASS">
          <reporter-output>
          </reporter-output>
        </test-method> <!-- TearDown -->
        <test-method is-config="true" signature="TearDown()[pri:0, instance:com.test.TestRunnerPerisera@8f4ea7c]" started-at="2024-03-13T20:26:54 IST" name="TearDown" finished-at="2024-03-13T20:26:54 IST" duration-ms="349" status="PASS">
          <reporter-output>
          </reporter-output>
        </test-method> <!-- TearDown -->
        <test-method is-config="true" signature="browserInit()[pri:0, instance:com.test.TestRunnerPerisera@8f4ea7c]" started-at="2024-03-13T20:26:54 IST" name="browserInit" finished-at="2024-03-13T20:26:56 IST" duration-ms="1698" status="PASS">
          <reporter-output>
          </reporter-output>
        </test-method> <!-- browserInit -->
        <test-method is-config="true" signature="browserInit()[pri:0, instance:com.test.TestRunnerPerisera@8f4ea7c]" started-at="2024-03-13T20:26:54 IST" name="browserInit" finished-at="2024-03-13T20:26:56 IST" duration-ms="1861" status="PASS">
          <reporter-output>
          </reporter-output>
        </test-method> <!-- browserInit -->
        <test-method is-config="true" signature="browserInit()[pri:0, instance:com.test.TestRunnerPerisera@8f4ea7c]" started-at="2024-03-13T20:26:54 IST" name="browserInit" finished-at="2024-03-13T20:26:56 IST" duration-ms="1812" status="PASS">
          <reporter-output>
          </reporter-output>
        </test-method> <!-- browserInit -->
        <test-method signature="SearchItems4(java.lang.String,java.lang.String,java.lang.String)[pri:0, instance:com.test.TestRunnerPerisera@8f4ea7c]" started-at="2024-03-13T20:26:56 IST" name="SearchItems4" data-provider="data-provider4" finished-at="2024-03-13T20:27:06 IST" duration-ms="10688" status="PASS">
          <params>
            <param index="0">
              <value>
                <![CDATA[balajithangaraj391@gmail.com]]>
              </value>
            </param>
            <param index="1">
              <value>
                <![CDATA[qwertyuiop]]>
              </value>
            </param>
            <param index="2">
              <value>
                <![CDATA[Rubber]]>
              </value>
            </param>
          </params>
          <reporter-output>
          </reporter-output>
        </test-method> <!-- SearchItems4 -->
        <test-method signature="SearchItems4(java.lang.String,java.lang.String,java.lang.String)[pri:0, instance:com.test.TestRunnerPerisera@8f4ea7c]" started-at="2024-03-13T20:26:56 IST" name="SearchItems4" data-provider="data-provider4" finished-at="2024-03-13T20:27:07 IST" duration-ms="11641" status="PASS">
          <params>
            <param index="0">
              <value>
                <![CDATA[balajithangaraj391@gmail.com]]>
              </value>
            </param>
            <param index="1">
              <value>
                <![CDATA[qwertyuiop]]>
              </value>
            </param>
            <param index="2">
              <value>
                <![CDATA[Pen]]>
              </value>
            </param>
          </params>
          <reporter-output>
          </reporter-output>
        </test-method> <!-- SearchItems4 -->
        <test-method signature="SearchItems4(java.lang.String,java.lang.String,java.lang.String)[pri:0, instance:com.test.TestRunnerPerisera@8f4ea7c]" started-at="2024-03-13T20:26:56 IST" name="SearchItems4" data-provider="data-provider4" finished-at="2024-03-13T20:27:07 IST" duration-ms="11013" status="PASS">
          <params>
            <param index="0">
              <value>
                <![CDATA[balajithangaraj391@gmail.com]]>
              </value>
            </param>
            <param index="1">
              <value>
                <![CDATA[qwertyuiop]]>
              </value>
            </param>
            <param index="2">
              <value>
                <![CDATA[Scale]]>
              </value>
            </param>
          </params>
          <reporter-output>
          </reporter-output>
        </test-method> <!-- SearchItems4 -->
        <test-method is-config="true" signature="TearDown()[pri:0, instance:com.test.TestRunnerPerisera@8f4ea7c]" started-at="2024-03-13T20:27:06 IST" name="TearDown" finished-at="2024-03-13T20:27:07 IST" duration-ms="297" status="PASS">
          <reporter-output>
          </reporter-output>
        </test-method> <!-- TearDown -->
        <test-method is-config="true" signature="TearDown()[pri:0, instance:com.test.TestRunnerPerisera@8f4ea7c]" started-at="2024-03-13T20:27:07 IST" name="TearDown" finished-at="2024-03-13T20:27:07 IST" duration-ms="308" status="PASS">
          <reporter-output>
          </reporter-output>
        </test-method> <!-- TearDown -->
        <test-method is-config="true" signature="TearDown()[pri:0, instance:com.test.TestRunnerPerisera@8f4ea7c]" started-at="2024-03-13T20:27:07 IST" name="TearDown" finished-at="2024-03-13T20:27:08 IST" duration-ms="344" status="PASS">
          <reporter-output>
          </reporter-output>
        </test-method> <!-- TearDown -->
        <test-method is-config="true" signature="browserInit()[pri:0, instance:com.test.TestRunnerPerisera@8f4ea7c]" started-at="2024-03-13T20:27:08 IST" name="browserInit" finished-at="2024-03-13T20:27:10 IST" duration-ms="1721" status="PASS">
          <reporter-output>
          </reporter-output>
        </test-method> <!-- browserInit -->
        <test-method is-config="true" signature="browserInit()[pri:0, instance:com.test.TestRunnerPerisera@8f4ea7c]" started-at="2024-03-13T20:27:08 IST" name="browserInit" finished-at="2024-03-13T20:27:10 IST" duration-ms="1918" status="PASS">
          <reporter-output>
          </reporter-output>
        </test-method> <!-- browserInit -->
        <test-method is-config="true" signature="browserInit()[pri:0, instance:com.test.TestRunnerPerisera@8f4ea7c]" started-at="2024-03-13T20:27:08 IST" name="browserInit" finished-at="2024-03-13T20:27:10 IST" duration-ms="1802" status="PASS">
          <reporter-output>
          </reporter-output>
        </test-method> <!-- browserInit -->
        <test-method signature="SearchItems4(java.lang.String,java.lang.String,java.lang.String)[pri:0, instance:com.test.TestRunnerPerisera@8f4ea7c]" started-at="2024-03-13T20:27:10 IST" name="SearchItems4" data-provider="data-provider4" finished-at="2024-03-13T20:27:20 IST" duration-ms="10506" status="PASS">
          <params>
            <param index="0">
              <value>
                <![CDATA[balajithangaraj391@gmail.com]]>
              </value>
            </param>
            <param index="1">
              <value>
                <![CDATA[qwertyuiop]]>
              </value>
            </param>
            <param index="2">
              <value>
                <![CDATA[Rubber]]>
              </value>
            </param>
          </params>
          <reporter-output>
          </reporter-output>
        </test-method> <!-- SearchItems4 -->
        <test-method signature="SearchItems4(java.lang.String,java.lang.String,java.lang.String)[pri:0, instance:com.test.TestRunnerPerisera@8f4ea7c]" started-at="2024-03-13T20:27:10 IST" name="SearchItems4" data-provider="data-provider4" finished-at="2024-03-13T20:27:21 IST" duration-ms="11543" status="PASS">
          <params>
            <param index="0">
              <value>
                <![CDATA[balajithangaraj391@gmail.com]]>
              </value>
            </param>
            <param index="1">
              <value>
                <![CDATA[qwertyuiop]]>
              </value>
            </param>
            <param index="2">
              <value>
                <![CDATA[Pen]]>
              </value>
            </param>
          </params>
          <reporter-output>
          </reporter-output>
        </test-method> <!-- SearchItems4 -->
        <test-method signature="SearchItems4(java.lang.String,java.lang.String,java.lang.String)[pri:0, instance:com.test.TestRunnerPerisera@8f4ea7c]" started-at="2024-03-13T20:27:10 IST" name="SearchItems4" data-provider="data-provider4" finished-at="2024-03-13T20:27:21 IST" duration-ms="10975" status="PASS">
          <params>
            <param index="0">
              <value>
                <![CDATA[balajithangaraj391@gmail.com]]>
              </value>
            </param>
            <param index="1">
              <value>
                <![CDATA[qwertyuiop]]>
              </value>
            </param>
            <param index="2">
              <value>
                <![CDATA[Scale]]>
              </value>
            </param>
          </params>
          <reporter-output>
          </reporter-output>
        </test-method> <!-- SearchItems4 -->
        <test-method is-config="true" signature="TearDown()[pri:0, instance:com.test.TestRunnerPerisera@8f4ea7c]" started-at="2024-03-13T20:27:20 IST" name="TearDown" finished-at="2024-03-13T20:27:20 IST" duration-ms="376" status="PASS">
          <reporter-output>
          </reporter-output>
        </test-method> <!-- TearDown -->
        <test-method is-config="true" signature="TearDown()[pri:0, instance:com.test.TestRunnerPerisera@8f4ea7c]" started-at="2024-03-13T20:27:21 IST" name="TearDown" finished-at="2024-03-13T20:27:21 IST" duration-ms="321" status="PASS">
          <reporter-output>
          </reporter-output>
        </test-method> <!-- TearDown -->
        <test-method is-config="true" signature="TearDown()[pri:0, instance:com.test.TestRunnerPerisera@8f4ea7c]" started-at="2024-03-13T20:27:21 IST" name="TearDown" finished-at="2024-03-13T20:27:21 IST" duration-ms="280" status="PASS">
          <reporter-output>
          </reporter-output>
        </test-method> <!-- TearDown -->
      </class> <!-- com.test.TestRunnerPerisera -->
    </test> <!-- Test -->
  </suite> <!-- Suite -->
</testng-results>
