<?xml version="1.0" encoding="UTF-8"?>
<!-- Generated by org.testng.reporters.JUnitXMLReporter -->
<testsuite ignored="0" hostname="BALAJI-BASS" failures="0" tests="12" name="Test" time="57.414" errors="0" timestamp="2024-03-13T20:27:21 IST">
  <testcase classname="com.test.TestRunnerPerisera" name="SearchItems4" time="11.148"/>
  <testcase classname="com.test.TestRunnerPerisera" name="SearchItems4" time="11.925"/>
  <testcase classname="com.test.TestRunnerPerisera" name="SearchItems4" time="12.389"/>
  <testcase classname="com.test.TestRunnerPerisera" name="SearchItems4" time="10.33"/>
  <testcase classname="com.test.TestRunnerPerisera" name="SearchItems4" time="10.5"/>
  <testcase classname="com.test.TestRunnerPerisera" name="SearchItems4" time="11.439"/>
  <testcase classname="com.test.TestRunnerPerisera" name="SearchItems4" time="10.688"/>
  <testcase classname="com.test.TestRunnerPerisera" name="SearchItems4" time="11.013"/>
  <testcase classname="com.test.TestRunnerPerisera" name="SearchItems4" time="11.641"/>
  <testcase classname="com.test.TestRunnerPerisera" name="SearchItems4" time="10.506"/>
  <testcase classname="com.test.TestRunnerPerisera" name="SearchItems4" time="10.975"/>
  <testcase classname="com.test.TestRunnerPerisera" name="SearchItems4" time="11.543"/>
</testsuite> <!-- Test -->
