<?xml version="1.0" encoding="UTF-8"?>
<testng-results ignored="0" total="1" passed="1" failed="0" skipped="0">
  <reporter-output>
  </reporter-output>
  <suite started-at="2022-04-16T15:25:11 IST" name="Suite" finished-at="2022-04-16T15:25:19 IST" duration-ms="8214">
    <groups>
    </groups>
    <test started-at="2022-04-16T15:25:11 IST" name="Test" finished-at="2022-04-16T15:25:19 IST" duration-ms="8214">
      <class name="com.bala.Test.LoginGoogle">
        <test-method is-config="true" signature="setup()[pri:0, instance:com.bala.Test.LoginGoogle@7c7b252e]" started-at="2022-04-16T15:25:11 IST" name="setup" finished-at="2022-04-16T15:25:12 IST" duration-ms="1744" status="PASS">
          <reporter-output>
          </reporter-output>
        </test-method> <!-- setup -->
        <test-method signature="pageLaunch()[pri:0, instance:com.bala.Test.LoginGoogle@7c7b252e]" started-at="2022-04-16T15:25:12 IST" name="pageLaunch" finished-at="2022-04-16T15:25:19 IST" duration-ms="6340" status="PASS">
          <reporter-output>
          </reporter-output>
        </test-method> <!-- pageLaunch -->
        <test-method is-config="true" signature="tearDown()[pri:0, instance:com.bala.Test.LoginGoogle@7c7b252e]" started-at="2022-04-16T15:25:19 IST" name="tearDown" finished-at="2022-04-16T15:25:19 IST" duration-ms="99" status="PASS">
          <reporter-output>
          </reporter-output>
        </test-method> <!-- tearDown -->
      </class> <!-- com.bala.Test.LoginGoogle -->
    </test> <!-- Test -->
  </suite> <!-- Suite -->
</testng-results>
