<?xml version="1.0" encoding="UTF-8"?>
<testng-results ignored="0" total="1" passed="1" failed="0" skipped="0">
  <reporter-output>
  </reporter-output>
  <suite started-at="2024-03-12T16:34:51 IST" name="Suite" finished-at="2024-03-12T16:35:04 IST" duration-ms="12742">
    <groups>
    </groups>
    <test started-at="2024-03-12T16:34:51 IST" name="Test" finished-at="2024-03-12T16:35:04 IST" duration-ms="12742">
      <class name="com.base.TestRunner">
        <test-method is-config="true" signature="browserInit()[pri:0, instance:com.base.TestRunner@16293aa2]" started-at="2024-03-12T16:34:52 IST" name="browserInit" finished-at="2024-03-12T16:34:54 IST" duration-ms="2776" status="PASS">
          <reporter-output>
          </reporter-output>
        </test-method> <!-- browserInit -->
        <test-method signature="loginPageValidation()[pri:2, instance:com.base.TestRunner@16293aa2]" started-at="2024-03-12T16:34:54 IST" name="loginPageValidation" finished-at="2024-03-12T16:35:04 IST" duration-ms="9522" status="PASS">
          <reporter-output>
          </reporter-output>
        </test-method> <!-- loginPageValidation -->
        <test-method is-config="true" signature="TearDown()[pri:0, instance:com.base.TestRunner@16293aa2]" started-at="2024-03-12T16:35:04 IST" name="TearDown" finished-at="2024-03-12T16:35:04 IST" duration-ms="371" status="PASS">
          <reporter-output>
          </reporter-output>
        </test-method> <!-- TearDown -->
      </class> <!-- com.base.TestRunner -->
    </test> <!-- Test -->
  </suite> <!-- Suite -->
</testng-results>
